<?xml version="1.0" encoding="UTF-8"?>
<testsuite xmlns:xsi="http://www.w3.org/2001/XMLSchema-instance" xsi:noNamespaceSchemaLocation="https://maven.apache.org/surefire/maven-surefire-plugin/xsd/surefire-test-report-3.0.xsd" version="3.0" name="hellocucumber.RunCucumberTest" time="0.396" tests="15" errors="0" skipped="0" failures="0">
  <properties>
    <property name="java.specification.version" value="17"/>
    <property name="sun.cpu.isalist" value="amd64"/>
    <property name="sun.jnu.encoding" value="Cp1252"/>
    <property name="java.class.path" value="C:\Users\Usuario\CalculadoraCucumber\hellocucumber\target\test-classes;C:\Users\Usuario\CalculadoraCucumber\hellocucumber\target\classes;C:\Users\Usuario\.m2\repository\io\cucumber\cucumber-java\7.0.0\cucumber-java-7.0.0.jar;C:\Users\Usuario\.m2\repository\io\cucumber\cucumber-core\7.0.0\cucumber-core-7.0.0.jar;C:\Users\Usuario\.m2\repository\io\cucumber\cucumber-gherkin\7.0.0\cucumber-gherkin-7.0.0.jar;C:\Users\Usuario\.m2\repository\io\cucumber\cucumber-gherkin-messages\7.0.0\cucumber-gherkin-messages-7.0.0.jar;C:\Users\Usuario\.m2\repository\io\cucumber\messages\17.1.1\messages-17.1.1.jar;C:\Users\Usuario\.m2\repository\io\cucumber\tag-expressions\4.0.2\tag-expressions-4.0.2.jar;C:\Users\Usuario\.m2\repository\io\cucumber\cucumber-expressions\13.0.1\cucumber-expressions-13.0.1.jar;C:\Users\Usuario\.m2\repository\io\cucumber\datatable\7.0.0\datatable-7.0.0.jar;C:\Users\Usuario\.m2\repository\io\cucumber\cucumber-plugin\7.0.0\cucumber-plugin-7.0.0.jar;C:\Users\Usuario\.m2\repository\io\cucumber\docstring\7.0.0\docstring-7.0.0.jar;C:\Users\Usuario\.m2\repository\io\cucumber\html-formatter\17.0.0\html-formatter-17.0.0.jar;C:\Users\Usuario\.m2\repository\io\cucumber\create-meta\6.0.1\create-meta-6.0.1.jar;C:\Users\Usuario\.m2\repository\org\apiguardian\apiguardian-api\1.1.2\apiguardian-api-1.1.2.jar;C:\Users\Usuario\.m2\repository\io\cucumber\cucumber-junit-platform-engine\7.0.0\cucumber-junit-platform-engine-7.0.0.jar;C:\Users\Usuario\.m2\repository\org\junit\platform\junit-platform-engine\1.8.1\junit-platform-engine-1.8.1.jar;C:\Users\Usuario\.m2\repository\org\opentest4j\opentest4j\1.2.0\opentest4j-1.2.0.jar;C:\Users\Usuario\.m2\repository\org\junit\platform\junit-platform-commons\1.8.1\junit-platform-commons-1.8.1.jar;C:\Users\Usuario\.m2\repository\org\junit\platform\junit-platform-suite\1.8.1\junit-platform-suite-1.8.1.jar;C:\Users\Usuario\.m2\repository\org\junit\platform\junit-platform-suite-api\1.8.1\junit-platform-suite-api-1.8.1.jar;C:\Users\Usuario\.m2\repository\org\junit\platform\junit-platform-suite-engine\1.8.1\junit-platform-suite-engine-1.8.1.jar;C:\Users\Usuario\.m2\repository\org\junit\platform\junit-platform-suite-commons\1.8.1\junit-platform-suite-commons-1.8.1.jar;C:\Users\Usuario\.m2\repository\org\junit\platform\junit-platform-launcher\1.8.1\junit-platform-launcher-1.8.1.jar;C:\Users\Usuario\.m2\repository\org\junit\jupiter\junit-jupiter\5.8.1\junit-jupiter-5.8.1.jar;C:\Users\Usuario\.m2\repository\org\junit\jupiter\junit-jupiter-api\5.8.1\junit-jupiter-api-5.8.1.jar;C:\Users\Usuario\.m2\repository\org\junit\jupiter\junit-jupiter-params\5.8.1\junit-jupiter-params-5.8.1.jar;C:\Users\Usuario\.m2\repository\org\junit\jupiter\junit-jupiter-engine\5.8.1\junit-jupiter-engine-5.8.1.jar;"/>
    <property name="java.vm.vendor" value="Oracle Corporation"/>
    <property name="sun.arch.data.model" value="64"/>
    <property name="user.variant" value=""/>
    <property name="java.vendor.url" value="https://java.oracle.com/"/>
    <property name="user.timezone" value="Europe/Madrid"/>
    <property name="os.name" value="Windows 10"/>
    <property name="java.vm.specification.version" value="17"/>
    <property name="sun.java.launcher" value="SUN_STANDARD"/>
    <property name="user.country" value="ES"/>
    <property name="sun.boot.library.path" value="C:\Program Files\Java\jdk-17.0.2\bin"/>
    <property name="sun.java.command" value="C:\Users\Usuario\AppData\Local\Temp\surefire14366083604484980893\surefirebooter7797048360531333938.jar C:\Users\Usuario\AppData\Local\Temp\surefire14366083604484980893 2022-03-22T17-08-54_247-jvmRun1 surefire2811137857777242383tmp surefire_012583403943547305533tmp"/>
    <property name="jdk.debug" value="release"/>
    <property name="surefire.test.class.path" value="C:\Users\Usuario\CalculadoraCucumber\hellocucumber\target\test-classes;C:\Users\Usuario\CalculadoraCucumber\hellocucumber\target\classes;C:\Users\Usuario\.m2\repository\io\cucumber\cucumber-java\7.0.0\cucumber-java-7.0.0.jar;C:\Users\Usuario\.m2\repository\io\cucumber\cucumber-core\7.0.0\cucumber-core-7.0.0.jar;C:\Users\Usuario\.m2\repository\io\cucumber\cucumber-gherkin\7.0.0\cucumber-gherkin-7.0.0.jar;C:\Users\Usuario\.m2\repository\io\cucumber\cucumber-gherkin-messages\7.0.0\cucumber-gherkin-messages-7.0.0.jar;C:\Users\Usuario\.m2\repository\io\cucumber\messages\17.1.1\messages-17.1.1.jar;C:\Users\Usuario\.m2\repository\io\cucumber\tag-expressions\4.0.2\tag-expressions-4.0.2.jar;C:\Users\Usuario\.m2\repository\io\cucumber\cucumber-expressions\13.0.1\cucumber-expressions-13.0.1.jar;C:\Users\Usuario\.m2\repository\io\cucumber\datatable\7.0.0\datatable-7.0.0.jar;C:\Users\Usuario\.m2\repository\io\cucumber\cucumber-plugin\7.0.0\cucumber-plugin-7.0.0.jar;C:\Users\Usuario\.m2\repository\io\cucumber\docstring\7.0.0\docstring-7.0.0.jar;C:\Users\Usuario\.m2\repository\io\cucumber\html-formatter\17.0.0\html-formatter-17.0.0.jar;C:\Users\Usuario\.m2\repository\io\cucumber\create-meta\6.0.1\create-meta-6.0.1.jar;C:\Users\Usuario\.m2\repository\org\apiguardian\apiguardian-api\1.1.2\apiguardian-api-1.1.2.jar;C:\Users\Usuario\.m2\repository\io\cucumber\cucumber-junit-platform-engine\7.0.0\cucumber-junit-platform-engine-7.0.0.jar;C:\Users\Usuario\.m2\repository\org\junit\platform\junit-platform-engine\1.8.1\junit-platform-engine-1.8.1.jar;C:\Users\Usuario\.m2\repository\org\opentest4j\opentest4j\1.2.0\opentest4j-1.2.0.jar;C:\Users\Usuario\.m2\repository\org\junit\platform\junit-platform-commons\1.8.1\junit-platform-commons-1.8.1.jar;C:\Users\Usuario\.m2\repository\org\junit\platform\junit-platform-suite\1.8.1\junit-platform-suite-1.8.1.jar;C:\Users\Usuario\.m2\repository\org\junit\platform\junit-platform-suite-api\1.8.1\junit-platform-suite-api-1.8.1.jar;C:\Users\Usuario\.m2\repository\org\junit\platform\junit-platform-suite-engine\1.8.1\junit-platform-suite-engine-1.8.1.jar;C:\Users\Usuario\.m2\repository\org\junit\platform\junit-platform-suite-commons\1.8.1\junit-platform-suite-commons-1.8.1.jar;C:\Users\Usuario\.m2\repository\org\junit\platform\junit-platform-launcher\1.8.1\junit-platform-launcher-1.8.1.jar;C:\Users\Usuario\.m2\repository\org\junit\jupiter\junit-jupiter\5.8.1\junit-jupiter-5.8.1.jar;C:\Users\Usuario\.m2\repository\org\junit\jupiter\junit-jupiter-api\5.8.1\junit-jupiter-api-5.8.1.jar;C:\Users\Usuario\.m2\repository\org\junit\jupiter\junit-jupiter-params\5.8.1\junit-jupiter-params-5.8.1.jar;C:\Users\Usuario\.m2\repository\org\junit\jupiter\junit-jupiter-engine\5.8.1\junit-jupiter-engine-5.8.1.jar;"/>
    <property name="sun.cpu.endian" value="little"/>
    <property name="user.home" value="C:\Users\Usuario"/>
    <property name="user.language" value="es"/>
    <property name="java.specification.vendor" value="Oracle Corporation"/>
    <property name="java.version.date" value="2022-01-18"/>
    <property name="java.home" value="C:\Program Files\Java\jdk-17.0.2"/>
    <property name="file.separator" value="\"/>
    <property name="basedir" value="C:\Users\Usuario\CalculadoraCucumber\hellocucumber"/>
    <property name="java.vm.compressedOopsMode" value="Zero based"/>
    <property name="line.separator" value="&#10;"/>
    <property name="java.vm.specification.vendor" value="Oracle Corporation"/>
    <property name="java.specification.name" value="Java Platform API Specification"/>
    <property name="surefire.real.class.path" value="C:\Users\Usuario\AppData\Local\Temp\surefire14366083604484980893\surefirebooter7797048360531333938.jar"/>
    <property name="user.script" value=""/>
    <property name="sun.management.compiler" value="HotSpot 64-Bit Tiered Compilers"/>
    <property name="java.runtime.version" value="17.0.2+8-LTS-86"/>
    <property name="user.name" value="Usuario"/>
    <property name="path.separator" value=";"/>
    <property name="os.version" value="10.0"/>
    <property name="java.runtime.name" value="Java(TM) SE Runtime Environment"/>
    <property name="file.encoding" value="Cp1252"/>
    <property name="java.vm.name" value="Java HotSpot(TM) 64-Bit Server VM"/>
    <property name="localRepository" value="C:\Users\Usuario\.m2\repository"/>
    <property name="java.vendor.url.bug" value="https://bugreport.java.com/bugreport/"/>
    <property name="java.io.tmpdir" value="C:\Users\Usuario\AppData\Local\Temp\"/>
    <property name="java.version" value="17.0.2"/>
    <property name="user.dir" value="C:\Users\Usuario\CalculadoraCucumber\hellocucumber"/>
    <property name="os.arch" value="amd64"/>
    <property name="java.vm.specification.name" value="Java Virtual Machine Specification"/>
    <property name="sun.os.patch.level" value=""/>
    <property name="native.encoding" value="Cp1252"/>
    <property name="java.library.path" value="C:\Program Files\Java\jdk-17.0.2\bin;C:\WINDOWS\Sun\Java\bin;C:\WINDOWS\system32;C:\WINDOWS;C:\Users\Usuario\bin;C:\Program Files\Git\mingw64\bin;C:\Program Files\Git\usr\local\bin;C:\Program Files\Git\usr\bin;C:\Program Files\Git\usr\bin;C:\Program Files\Git\mingw64\bin;C:\Program Files\Git\usr\bin;C:\Users\Usuario\bin;C:\Program Files\Common Files\Oracle\Java\javapath;C:\Program Files (x86)\Common Files\Oracle\Java\javapath;C:\WINDOWS\system32;C:\WINDOWS;C:\WINDOWS\System32\Wbem;C:\WINDOWS\System32\WindowsPowerShell\v1.0;C:\WINDOWS\System32\OpenSSH;C:\Program Files (x86)\Windows Kits\8.1\Windows Performance Toolkit;C:\Program Files\Microsoft SQL Server\110\Tools\Binn;C:\Program Files\Microsoft SQL Server\Client SDK\ODBC\110\Tools\Binn;C:\Program Files (x86)\Microsoft SQL Server\120\Tools\Binn;C:\Program Files\Microsoft SQL Server\120\Tools\Binn;C:\Program Files\Microsoft SQL Server\120\DTS\Binn;C:\Program Files (x86)\Microsoft SQL Server\120\Tools\Binn\ManagementStudio;C:\Program Files (x86)\Microsoft SQL Server\120\DTS\Binn;C:\Program Files\Git\cmd;C:\Users\Usuario\OneDrive\Documentos\apache-maven-3.8.5\bin;C:\Program Files\Java\jdk-17.0.2\bin;C:\Users\Usuario\AppData\Local\Microsoft\WindowsApps;C:\Users\Usuario\AppData\Local\Programs\Microsoft VS Code\bin;C:\Program Files\Git\usr\bin\vendor_perl;C:\Program Files\Git\usr\bin\core_perl;."/>
    <property name="java.vm.info" value="mixed mode, sharing"/>
    <property name="java.vendor" value="Oracle Corporation"/>
    <property name="java.vm.version" value="17.0.2+8-LTS-86"/>
    <property name="sun.io.unicode.encoding" value="UnicodeLittle"/>
    <property name="java.class.version" value="61.0"/>
  </properties>
  <testcase name="Example #1" classname="Examples" time="0.11">
    <system-out><![CDATA[
Scenario Outline: Division de dos numeros &amp#27;[90m# hellocucumber/div.feature:11&amp#27;[0m
  &amp#27;[32mGiven &amp#27;[0m&amp#27;[32mInicializamos la calculadora&amp#27;[0m      &amp#27;[90m# hellocucumber.StepDefinitions.init()&amp#27;[0m
  &amp#27;[32mWhen &amp#27;[0m&amp#27;[32mDivido &amp#27;[0m&amp#27;[32m&amp#27;[1m1&amp#27;[0m&amp#27;[32m entre &amp#27;[0m&amp#27;[32m&amp#27;[1m1&amp#27;[0m                   &amp#27;[90m# hellocucumber.StepDefinitions.div(double,double)&amp#27;[0m
  &amp#27;[32mThen &amp#27;[0m&amp#27;[32mEl resultado de la division es &amp#27;[0m&amp#27;[32m&amp#27;[1m1&amp#27;[0m   &amp#27;[90m# hellocucumber.StepDefinitions.resultadoDiv(double)&amp#27;[0m
]]></system-out>
  </testcase>
  <testcase name="Example #1" classname="Examples" time="0.009">
    <system-out><![CDATA[
Scenario Outline: Factorial de un numero &amp#27;[90m# hellocucumber/factorial.feature:11&amp#27;[0m
  &amp#27;[32mGiven &amp#27;[0m&amp#27;[32mInicializamos la calculadora&amp#27;[0m     &amp#27;[90m# hellocucumber.StepDefinitions.init()&amp#27;[0m
  &amp#27;[32mWhen &amp#27;[0m&amp#27;[32mCalculo el factorial de &amp#27;[0m&amp#27;[32m&amp#27;[1m0&amp#27;[0m         &amp#27;[90m# hellocucumber.StepDefinitions.fact(int)&amp#27;[0m
  &amp#27;[32mThen &amp#27;[0m&amp#27;[32mEl factorial es &amp#27;[0m&amp#27;[32m&amp#27;[1m1&amp#27;[0m                 &amp#27;[90m# hellocucumber.StepDefinitions.resultadoFact(int)&amp#27;[0m
]]></system-out>
  </testcase>
  <testcase name="Example #1" classname="Examples" time="0.008">
    <system-out><![CDATA[
Scenario Outline: Multiplicacion de dos numeros &amp#27;[90m# hellocucumber/mult.feature:11&amp#27;[0m
  &amp#27;[32mGiven &amp#27;[0m&amp#27;[32mInicializamos la calculadora&amp#27;[0m            &amp#27;[90m# hellocucumber.StepDefinitions.init()&amp#27;[0m
  &amp#27;[32mWhen &amp#27;[0m&amp#27;[32mMultiplico &amp#27;[0m&amp#27;[32m&amp#27;[1m1&amp#27;[0m&amp#27;[32m y &amp#27;[0m&amp#27;[32m&amp#27;[1m-2&amp#27;[0m                        &amp#27;[90m# hellocucumber.StepDefinitions.mult(double,double)&amp#27;[0m
  &amp#27;[32mThen &amp#27;[0m&amp#27;[32mEl resultado de la multiplicacion es &amp#27;[0m&amp#27;[32m&amp#27;[1m-2&amp#27;[0m  &amp#27;[90m# hellocucumber.StepDefinitions.resultadoMult(double)&amp#27;[0m
]]></system-out>
  </testcase>
  <testcase name="Example #1" classname="Examples" time="0.006">
    <system-out><![CDATA[
Scenario Outline: Suma de dos numeros &amp#27;[90m# hellocucumber/suma.feature:11&amp#27;[0m
  &amp#27;[32mGiven &amp#27;[0m&amp#27;[32mInicializamos la calculadora&amp#27;[0m  &amp#27;[90m# hellocucumber.StepDefinitions.init()&amp#27;[0m
  &amp#27;[32mWhen &amp#27;[0m&amp#27;[32mSumo &amp#27;[0m&amp#27;[32m&amp#27;[1m1&amp#27;[0m&amp#27;[32m y &amp#27;[0m&amp#27;[32m&amp#27;[1m-2&amp#27;[0m                    &amp#27;[90m# hellocucumber.StepDefinitions.suma(double,double)&amp#27;[0m
  &amp#27;[32mThen &amp#27;[0m&amp#27;[32mEl resultado de la suma es &amp#27;[0m&amp#27;[32m&amp#27;[1m-1&amp#27;[0m  &amp#27;[90m# hellocucumber.StepDefinitions.resultadoSuma(double)&amp#27;[0m
]]></system-out>
  </testcase>
  <testcase name="Example #2" classname="Examples" time="0.012">
    <system-out><![CDATA[
Scenario Outline: Division de dos numeros &amp#27;[90m# hellocucumber/div.feature:12&amp#27;[0m
  &amp#27;[32mGiven &amp#27;[0m&amp#27;[32mInicializamos la calculadora&amp#27;[0m      &amp#27;[90m# hellocucumber.StepDefinitions.init()&amp#27;[0m
  &amp#27;[32mWhen &amp#27;[0m&amp#27;[32mDivido &amp#27;[0m&amp#27;[32m&amp#27;[1m45&amp#27;[0m&amp#27;[32m entre &amp#27;[0m&amp#27;[32m&amp#27;[1m5&amp#27;[0m                  &amp#27;[90m# hellocucumber.StepDefinitions.div(double,double)&amp#27;[0m
  &amp#27;[32mThen &amp#27;[0m&amp#27;[32mEl resultado de la division es &amp#27;[0m&amp#27;[32m&amp#27;[1m9&amp#27;[0m   &amp#27;[90m# hellocucumber.StepDefinitions.resultadoDiv(double)&amp#27;[0m
]]></system-out>
  </testcase>
  <testcase name="Example #2" classname="Examples" time="0.009">
    <system-out><![CDATA[
Scenario Outline: Factorial de un numero &amp#27;[90m# hellocucumber/factorial.feature:12&amp#27;[0m
  &amp#27;[32mGiven &amp#27;[0m&amp#27;[32mInicializamos la calculadora&amp#27;[0m     &amp#27;[90m# hellocucumber.StepDefinitions.init()&amp#27;[0m
  &amp#27;[32mWhen &amp#27;[0m&amp#27;[32mCalculo el factorial de &amp#27;[0m&amp#27;[32m&amp#27;[1m3&amp#27;[0m         &amp#27;[90m# hellocucumber.StepDefinitions.fact(int)&amp#27;[0m
  &amp#27;[32mThen &amp#27;[0m&amp#27;[32mEl factorial es &amp#27;[0m&amp#27;[32m&amp#27;[1m6&amp#27;[0m                 &amp#27;[90m# hellocucumber.StepDefinitions.resultadoFact(int)&amp#27;[0m
]]></system-out>
  </testcase>
  <testcase name="Example #2" classname="Examples" time="0.008">
    <system-out><![CDATA[
Scenario Outline: Multiplicacion de dos numeros &amp#27;[90m# hellocucumber/mult.feature:12&amp#27;[0m
  &amp#27;[32mGiven &amp#27;[0m&amp#27;[32mInicializamos la calculadora&amp#27;[0m            &amp#27;[90m# hellocucumber.StepDefinitions.init()&amp#27;[0m
  &amp#27;[32mWhen &amp#27;[0m&amp#27;[32mMultiplico &amp#27;[0m&amp#27;[32m&amp#27;[1m4&amp#27;[0m&amp#27;[32m y &amp#27;[0m&amp#27;[32m&amp#27;[1m5&amp#27;[0m                         &amp#27;[90m# hellocucumber.StepDefinitions.mult(double,double)&amp#27;[0m
  &amp#27;[32mThen &amp#27;[0m&amp#27;[32mEl resultado de la multiplicacion es &amp#27;[0m&amp#27;[32m&amp#27;[1m20&amp#27;[0m  &amp#27;[90m# hellocucumber.StepDefinitions.resultadoMult(double)&amp#27;[0m
]]></system-out>
  </testcase>
  <testcase name="Example #2" classname="Examples" time="0.007">
    <system-out><![CDATA[
Scenario Outline: Suma de dos numeros &amp#27;[90m# hellocucumber/suma.feature:12&amp#27;[0m
  &amp#27;[32mGiven &amp#27;[0m&amp#27;[32mInicializamos la calculadora&amp#27;[0m  &amp#27;[90m# hellocucumber.StepDefinitions.init()&amp#27;[0m
  &amp#27;[32mWhen &amp#27;[0m&amp#27;[32mSumo &amp#27;[0m&amp#27;[32m&amp#27;[1m4&amp#27;[0m&amp#27;[32m y &amp#27;[0m&amp#27;[32m&amp#27;[1m5&amp#27;[0m                     &amp#27;[90m# hellocucumber.StepDefinitions.suma(double,double)&amp#27;[0m
  &amp#27;[32mThen &amp#27;[0m&amp#27;[32mEl resultado de la suma es &amp#27;[0m&amp#27;[32m&amp#27;[1m9&amp#27;[0m   &amp#27;[90m# hellocucumber.StepDefinitions.resultadoSuma(double)&amp#27;[0m
]]></system-out>
  </testcase>
  <testcase name="Example #3" classname="Examples" time="0.015">
    <system-out><![CDATA[
Scenario Outline: Division de dos numeros &amp#27;[90m# hellocucumber/div.feature:13&amp#27;[0m
  &amp#27;[32mGiven &amp#27;[0m&amp#27;[32mInicializamos la calculadora&amp#27;[0m      &amp#27;[90m# hellocucumber.StepDefinitions.init()&amp#27;[0m
  &amp#27;[32mWhen &amp#27;[0m&amp#27;[32mDivido &amp#27;[0m&amp#27;[32m&amp#27;[1m-14&amp#27;[0m&amp#27;[32m entre &amp#27;[0m&amp#27;[32m&amp#27;[1m-2&amp#27;[0m                &amp#27;[90m# hellocucumber.StepDefinitions.div(double,double)&amp#27;[0m
  &amp#27;[32mThen &amp#27;[0m&amp#27;[32mEl resultado de la division es &amp#27;[0m&amp#27;[32m&amp#27;[1m7&amp#27;[0m   &amp#27;[90m# hellocucumber.StepDefinitions.resultadoDiv(double)&amp#27;[0m
]]></system-out>
  </testcase>
  <testcase name="Example #3" classname="Examples" time="0.007">
    <system-out><![CDATA[
Scenario Outline: Factorial de un numero &amp#27;[90m# hellocucumber/factorial.feature:13&amp#27;[0m
  &amp#27;[32mGiven &amp#27;[0m&amp#27;[32mInicializamos la calculadora&amp#27;[0m     &amp#27;[90m# hellocucumber.StepDefinitions.init()&amp#27;[0m
  &amp#27;[32mWhen &amp#27;[0m&amp#27;[32mCalculo el factorial de &amp#27;[0m&amp#27;[32m&amp#27;[1m5&amp#27;[0m         &amp#27;[90m# hellocucumber.StepDefinitions.fact(int)&amp#27;[0m
  &amp#27;[32mThen &amp#27;[0m&amp#27;[32mEl factorial es &amp#27;[0m&amp#27;[32m&amp#27;[1m120&amp#27;[0m               &amp#27;[90m# hellocucumber.StepDefinitions.resultadoFact(int)&amp#27;[0m
]]></system-out>
  </testcase>
  <testcase name="Example #3" classname="Examples" time="0.009">
    <system-out><![CDATA[
Scenario Outline: Multiplicacion de dos numeros &amp#27;[90m# hellocucumber/mult.feature:13&amp#27;[0m
  &amp#27;[32mGiven &amp#27;[0m&amp#27;[32mInicializamos la calculadora&amp#27;[0m            &amp#27;[90m# hellocucumber.StepDefinitions.init()&amp#27;[0m
  &amp#27;[32mWhen &amp#27;[0m&amp#27;[32mMultiplico &amp#27;[0m&amp#27;[32m&amp#27;[1m-2&amp#27;[0m&amp#27;[32m y &amp#27;[0m&amp#27;[32m&amp#27;[1m4&amp#27;[0m                        &amp#27;[90m# hellocucumber.StepDefinitions.mult(double,double)&amp#27;[0m
  &amp#27;[32mThen &amp#27;[0m&amp#27;[32mEl resultado de la multiplicacion es &amp#27;[0m&amp#27;[32m&amp#27;[1m-8&amp#27;[0m  &amp#27;[90m# hellocucumber.StepDefinitions.resultadoMult(double)&amp#27;[0m
]]></system-out>
  </testcase>
  <testcase name="Example #3" classname="Examples" time="0.006">
    <system-out><![CDATA[
Scenario Outline: Suma de dos numeros &amp#27;[90m# hellocucumber/suma.feature:13&amp#27;[0m
  &amp#27;[32mGiven &amp#27;[0m&amp#27;[32mInicializamos la calculadora&amp#27;[0m  &amp#27;[90m# hellocucumber.StepDefinitions.init()&amp#27;[0m
  &amp#27;[32mWhen &amp#27;[0m&amp#27;[32mSumo &amp#27;[0m&amp#27;[32m&amp#27;[1m-2&amp#27;[0m&amp#27;[32m y &amp#27;[0m&amp#27;[32m&amp#27;[1m4&amp#27;[0m                    &amp#27;[90m# hellocucumber.StepDefinitions.suma(double,double)&amp#27;[0m
  &amp#27;[32mThen &amp#27;[0m&amp#27;[32mEl resultado de la suma es &amp#27;[0m&amp#27;[32m&amp#27;[1m2&amp#27;[0m   &amp#27;[90m# hellocucumber.StepDefinitions.resultadoSuma(double)&amp#27;[0m
]]></system-out>
  </testcase>
  <testcase name="No se puede dividir entre 0" classname="Comprobamos la division" time="0.015">
    <system-out><![CDATA[
Scenario: No se puede dividir entre 0 &amp#27;[90m# hellocucumber/div.feature:15&amp#27;[0m
  &amp#27;[32mGiven &amp#27;[0m&amp#27;[32mInicializamos la calculadora&amp#27;[0m  &amp#27;[90m# hellocucumber.StepDefinitions.init()&amp#27;[0m
  &amp#27;[32mWhen &amp#27;[0m&amp#27;[32mDenominador es 0&amp#27;[0m               &amp#27;[90m# hellocucumber.StepDefinitions.div0()&amp#27;[0m
  &amp#27;[32mThen &amp#27;[0m&amp#27;[32mLanza una excepcion&amp#27;[0m            &amp#27;[90m# hellocucumber.StepDefinitions.Excepcion()&amp#27;[0m
]]></system-out>
  </testcase>
  <testcase name="Es primo? 0 es false y 1 es true" classname="Comprobamos si es primo" time="0.007">
    <system-out><![CDATA[
Scenario: Es primo? 0 es false y 1 es true &amp#27;[90m# hellocucumber/primo.feature:3&amp#27;[0m
  &amp#27;[32mGiven &amp#27;[0m&amp#27;[32mInicializamos la calculadora&amp#27;[0m       &amp#27;[90m# hellocucumber.StepDefinitions.init()&amp#27;[0m
  &amp#27;[32mWhen &amp#27;[0m&amp#27;[32mVeo si &amp#27;[0m&amp#27;[32m&amp#27;[1m7&amp#27;[0m&amp#27;[32m es primo&amp#27;[0m                   &amp#27;[90m# hellocucumber.StepDefinitions.esPrimo(int)&amp#27;[0m
  &amp#27;[32mThen &amp#27;[0m&amp#27;[32mEl resultado es &amp#27;[0m&amp#27;[32m&amp#27;[1m"true"&amp#27;[0m              &amp#27;[90m# hellocucumber.StepDefinitions.resultadoPrimo(java.lang.String)&amp#27;[0m
]]></system-out>
  </testcase>
  <testcase name="Resta de dos numeros" classname="Comprobamos la resta" time="0.005">
    <system-out><![CDATA[
Scenario: Resta de dos numeros        &amp#27;[90m# hellocucumber/resta.feature:3&amp#27;[0m
  &amp#27;[32mGiven &amp#27;[0m&amp#27;[32mInicializamos la calculadora&amp#27;[0m  &amp#27;[90m# hellocucumber.StepDefinitions.init()&amp#27;[0m
  &amp#27;[32mWhen &amp#27;[0m&amp#27;[32mResto &amp#27;[0m&amp#27;[32m&amp#27;[1m4&amp#27;[0m&amp#27;[32m y &amp#27;[0m&amp#27;[32m&amp#27;[1m5&amp#27;[0m                    &amp#27;[90m# hellocucumber.StepDefinitions.resta(double,double)&amp#27;[0m
  &amp#27;[32mThen &amp#27;[0m&amp#27;[32mEl resultado de la resta es &amp#27;[0m&amp#27;[32m&amp#27;[1m-1&amp#27;[0m &amp#27;[90m# hellocucumber.StepDefinitions.resultadoResta(double)&amp#27;[0m
]]></system-out>
  </testcase>
</testsuite>